<?xml version="1.0" encoding="UTF-8"?>
<!-- Generated by org.testng.reporters.JUnitReportReporter -->
<testsuite skipped="0" hostname="Dell-Xps-15-12" name="Simple" tests="1" failures="0" timestamp="25 Apr 2018 20:45:36 GMT" time="5.029" errors="0">
  <testcase name="SimpleTest" time="5.029" classname="Simple"/>
</testsuite> <!-- Simple -->
