<?xml version="1.0" encoding="UTF-8"?>
<!-- Generated by org.testng.reporters.JUnitReportReporter -->
<testsuite skipped="0" hostname="Dell-Xps-15-12" name="framework.SimpleFrameworkWithWaitAndImageComparer" tests="1" failures="0" timestamp="30 Apr 2018 22:04:33 GMT" time="2.416" errors="0">
  <testcase name="compareBaselineWithScreen" time="2.416" classname="framework.SimpleFrameworkWithWaitAndImageComparer"/>
</testsuite> <!-- framework.SimpleFrameworkWithWaitAndImageComparer -->
