<?xml version="1.0" encoding="UTF-8"?>
<!-- Generated by org.testng.reporters.JUnitReportReporter -->
<testsuite skipped="0" hostname="Dell-Xps-15-12" name="com.inhance.testFramework.Simple" tests="1" failures="0" timestamp="03 May 2018 21:47:21 GMT" time="5.036" errors="0">
  <testcase name="SimpleTest" time="5.036" classname="com.inhance.testFramework.Simple"/>
</testsuite> <!-- com.inhance.testFramework.Simple -->
