<?xml version="1.0" encoding="UTF-8"?>
<!-- Generated by org.testng.reporters.JUnitReportReporter -->
<testsuite skipped="0" hostname="Dell-Xps-15-12" name="SimpleFrameworkRefinedWithWait" tests="2" failures="0" timestamp="26 Apr 2018 17:22:55 GMT" time="6.014" errors="0">
  <testcase name="imageButtonTest" time="1.002" classname="SimpleFrameworkRefinedWithWait"/>
  <testcase name="simpleTest" time="5.012" classname="SimpleFrameworkRefinedWithWait"/>
</testsuite> <!-- SimpleFrameworkRefinedWithWait -->
