<?xml version="1.0" encoding="UTF-8"?>
<!-- Generated by org.testng.reporters.JUnitReportReporter -->
<testsuite skipped="0" hostname="Dell-Xps-15-12" name="SimpleFramework" tests="2" failures="0" timestamp="25 Apr 2018 22:23:25 GMT" time="6.033" errors="0">
  <testcase name="simpleTest" time="5.002" classname="SimpleFramework"/>
  <testcase name="imageButtonTest" time="1.031" classname="SimpleFramework"/>
</testsuite> <!-- SimpleFramework -->
